  Ingenieria.cpp
  IngenieriaComercial.cpp
C:\Users\Sebastian\OneDrive\Documentos\Proyecto actualizado\PROYECT fINAL iN\PROYECT fINAL iN\Proyect_Final_In\Proyect_Final_In\IngenieriaComercial.h(790,31): warning C4244: '=': conversión de 'int' a 'float'; posible pérdida de datos
C:\Users\Sebastian\OneDrive\Documentos\Proyecto actualizado\PROYECT fINAL iN\PROYECT fINAL iN\Proyect_Final_In\Proyect_Final_In\IngenieriaComercial.h(794,43): warning C4244: '=': conversión de 'double' a 'float'; posible pérdida de datos
  IngenieriaElect.cpp
C:\Users\Sebastian\OneDrive\Documentos\Proyecto actualizado\PROYECT fINAL iN\PROYECT fINAL iN\Proyect_Final_In\Proyect_Final_In\IngenieriaElect.h(780,31): warning C4244: '=': conversión de 'int' a 'float'; posible pérdida de datos
C:\Users\Sebastian\OneDrive\Documentos\Proyecto actualizado\PROYECT fINAL iN\PROYECT fINAL iN\Proyect_Final_In\Proyect_Final_In\IngenieriaElect.h(784,43): warning C4244: '=': conversión de 'double' a 'float'; posible pérdida de datos
  IngenieriaIndustrial.cpp
C:\Users\Sebastian\OneDrive\Documentos\Proyecto actualizado\PROYECT fINAL iN\PROYECT fINAL iN\Proyect_Final_In\Proyect_Final_In\IngenieriaIndustrial.h(776,31): warning C4244: '=': conversión de 'int' a 'float'; posible pérdida de datos
C:\Users\Sebastian\OneDrive\Documentos\Proyecto actualizado\PROYECT fINAL iN\PROYECT fINAL iN\Proyect_Final_In\Proyect_Final_In\IngenieriaIndustrial.h(780,43): warning C4244: '=': conversión de 'double' a 'float'; posible pérdida de datos
  IngenieriaSistemas.cpp
C:\Users\Sebastian\OneDrive\Documentos\Proyecto actualizado\PROYECT fINAL iN\PROYECT fINAL iN\Proyect_Final_In\Proyect_Final_In\IngenieriaSistemas.h(792,31): warning C4244: '=': conversión de 'int' a 'float'; posible pérdida de datos
C:\Users\Sebastian\OneDrive\Documentos\Proyecto actualizado\PROYECT fINAL iN\PROYECT fINAL iN\Proyect_Final_In\Proyect_Final_In\IngenieriaSistemas.h(796,43): warning C4244: '=': conversión de 'double' a 'float'; posible pérdida de datos
  MyForm.cpp
C:\Users\Sebastian\OneDrive\Documentos\Proyecto actualizado\PROYECT fINAL iN\PROYECT fINAL iN\Proyect_Final_In\Proyect_Final_In\IngenieriaSistemas.h(792,31): warning C4244: '=': conversión de 'int' a 'float'; posible pérdida de datos
C:\Users\Sebastian\OneDrive\Documentos\Proyecto actualizado\PROYECT fINAL iN\PROYECT fINAL iN\Proyect_Final_In\Proyect_Final_In\IngenieriaSistemas.h(796,43): warning C4244: '=': conversión de 'double' a 'float'; posible pérdida de datos
C:\Users\Sebastian\OneDrive\Documentos\Proyecto actualizado\PROYECT fINAL iN\PROYECT fINAL iN\Proyect_Final_In\Proyect_Final_In\IngenieriaComercial.h(790,31): warning C4244: '=': conversión de 'int' a 'float'; posible pérdida de datos
C:\Users\Sebastian\OneDrive\Documentos\Proyecto actualizado\PROYECT fINAL iN\PROYECT fINAL iN\Proyect_Final_In\Proyect_Final_In\IngenieriaComercial.h(794,43): warning C4244: '=': conversión de 'double' a 'float'; posible pérdida de datos
C:\Users\Sebastian\OneDrive\Documentos\Proyecto actualizado\PROYECT fINAL iN\PROYECT fINAL iN\Proyect_Final_In\Proyect_Final_In\IngenieriaIndustrial.h(776,31): warning C4244: '=': conversión de 'int' a 'float'; posible pérdida de datos
C:\Users\Sebastian\OneDrive\Documentos\Proyecto actualizado\PROYECT fINAL iN\PROYECT fINAL iN\Proyect_Final_In\Proyect_Final_In\IngenieriaIndustrial.h(780,43): warning C4244: '=': conversión de 'double' a 'float'; posible pérdida de datos
C:\Users\Sebastian\OneDrive\Documentos\Proyecto actualizado\PROYECT fINAL iN\PROYECT fINAL iN\Proyect_Final_In\Proyect_Final_In\IngenieriaElect.h(780,31): warning C4244: '=': conversión de 'int' a 'float'; posible pérdida de datos
C:\Users\Sebastian\OneDrive\Documentos\Proyecto actualizado\PROYECT fINAL iN\PROYECT fINAL iN\Proyect_Final_In\Proyect_Final_In\IngenieriaElect.h(784,43): warning C4244: '=': conversión de 'double' a 'float'; posible pérdida de datos
  .NETFramework,Version=v4.7.2.AssemblyAttributes.cpp
  Generando código...
  Ingenieria.obj : se encontró un módulo MSIL; vinculación incremental deshabilitada para MSIL; ejecutando vínculo completo
  Proyect_Final_In.vcxproj -> C:\Users\Sebastian\OneDrive\Documentos\Proyecto actualizado\PROYECT fINAL iN\PROYECT fINAL iN\Proyect_Final_In\x64\Debug\Proyect_Final_In.exe
